# JRE version: Java(TM) SE Runtime Environment (21.0.1+12) (build 21.0.1+12-LTS-29)
# Java VM: Java HotSpot(TM) 64-Bit Server VM (21.0.1+12-LTS-29, mixed mode, sharing, tiered, compressed oops, compressed class ptrs, g1 gc, windows-amd64)
GC Precious Log:
 CardTable entry size: 512
 Card Set container configuration: InlinePtr #cards 4 size 8 Array Of Cards #cards 64 size 144 Howl #buckets 8 coarsen threshold 14745 Howl Bitmap #cards 2048 size 272 coarsen threshold 1843 Card regions per heap region 1 cards per card region 16384
 CPUs: 32 total, 32 available
 Memory: 65296M
 Large Page Support: Disabled
 NUMA Support: Disabled
 Compressed Oops: Enabled (Zero based)
 Heap Region Size: 8M
 Heap Min Capacity: 8M
 Heap Initial Capacity: 1G
 Heap Max Capacity: 16328M
 Pre-touch: Disabled
 Parallel Workers: 23
 Concurrent Workers: 6
 Concurrent Refinement Workers: 23
 Periodic GC: Disabled
Heap:
 garbage-first heap   total 2433024K, used 228825K [0x0000000403800000, 0x0000000800000000)
  region size 8192K, 7 young (57344K), 3 survivors (24576K)
 Metaspace       used 8077K, committed 8320K, reserved 1114112K
  class space    used 467K, committed 576K, reserved 1048576K
GC Heap History (16 events):
Event: 0.756 GC heap before
{Heap before GC invocations=0 (full 0):
 garbage-first heap   total 1048576K, used 49152K [0x0000000403800000, 0x0000000800000000)
  region size 8192K, 6 young (49152K), 0 survivors (0K)
 Metaspace       used 7523K, committed 7808K, reserved 1114112K
  class space    used 456K, committed 576K, reserved 1048576K
}
Event: 0.761 GC heap after
{Heap after GC invocations=1 (full 0):
 garbage-first heap   total 1048576K, used 15178K [0x0000000403800000, 0x0000000800000000)
  region size 8192K, 1 young (8192K), 1 survivors (8192K)
 Metaspace       used 7523K, committed 7808K, reserved 1114112K
  class space    used 456K, committed 576K, reserved 1048576K
}
Event: 0.786 GC heap before
{Heap before GC invocations=1 (full 0):
 garbage-first heap   total 1048576K, used 56138K [0x0000000403800000, 0x0000000800000000)
  region size 8192K, 6 young (49152K), 1 survivors (8192K)
 Metaspace       used 7565K, committed 7872K, reserved 1114112K
  class space    used 456K, committed 576K, reserved 1048576K
}
Event: 0.791 GC heap after
{Heap after GC invocations=2 (full 0):
 garbage-first heap   total 1048576K, used 34524K [0x0000000403800000, 0x0000000800000000)
  region size 8192K, 1 young (8192K), 1 survivors (8192K)
 Metaspace       used 7565K, committed 7872K, reserved 1114112K
  class space    used 456K, committed 576K, reserved 1048576K
}
Event: 0.813 GC heap before
{Heap before GC invocations=2 (full 0):
 garbage-first heap   total 1048576K, used 75484K [0x0000000403800000, 0x0000000800000000)
  region size 8192K, 6 young (49152K), 1 survivors (8192K)
 Metaspace       used 7619K, committed 7872K, reserved 1114112K
  class space    used 456K, committed 576K, reserved 1048576K
}
Event: 0.817 GC heap after
{Heap after GC invocations=3 (full 0):
 garbage-first heap   total 1048576K, used 54673K [0x0000000403800000, 0x0000000800000000)
  region size 8192K, 1 young (8192K), 1 survivors (8192K)
 Metaspace       used 7619K, committed 7872K, reserved 1114112K
  class space    used 456K, committed 576K, reserved 1048576K
}
Event: 0.839 GC heap before
{Heap before GC invocations=3 (full 0):
 garbage-first heap   total 1048576K, used 95633K [0x0000000403800000, 0x0000000800000000)
  region size 8192K, 6 young (49152K), 1 survivors (8192K)
 Metaspace       used 7639K, committed 7936K, reserved 1114112K
  class space    used 456K, committed 576K, reserved 1048576K
}
Event: 0.844 GC heap after
{Heap after GC invocations=4 (full 0):
 garbage-first heap   total 1048576K, used 75046K [0x0000000403800000, 0x0000000800000000)
  region size 8192K, 1 young (8192K), 1 survivors (8192K)
 Metaspace       used 7639K, committed 7936K, reserved 1114112K
  class space    used 456K, committed 576K, reserved 1048576K
}
Event: 0.879 GC heap before
{Heap before GC invocations=4 (full 0):
 garbage-first heap   total 1048576K, used 140582K [0x0000000403800000, 0x0000000800000000)
  region size 8192K, 9 young (73728K), 1 survivors (8192K)
 Metaspace       used 7675K, committed 7936K, reserved 1114112K
  class space    used 456K, committed 576K, reserved 1048576K
}
Event: 0.887 GC heap after
{Heap after GC invocations=5 (full 0):
 garbage-first heap   total 1048576K, used 106454K [0x0000000403800000, 0x0000000800000000)
  region size 8192K, 2 young (16384K), 2 survivors (16384K)
 Metaspace       used 7675K, committed 7936K, reserved 1114112K
  class space    used 456K, committed 576K, reserved 1048576K
}
Event: 0.923 GC heap before
{Heap before GC invocations=5 (full 0):
 garbage-first heap   total 1048576K, used 171990K [0x0000000403800000, 0x0000000800000000)
  region size 8192K, 10 young (81920K), 2 survivors (16384K)
 Metaspace       used 7695K, committed 7936K, reserved 1114112K
  class space    used 456K, committed 576K, reserved 1048576K
}
Event: 0.933 GC heap after
{Heap after GC invocations=6 (full 0):
 garbage-first heap   total 2433024K, used 138575K [0x0000000403800000, 0x0000000800000000)
  region size 8192K, 2 young (16384K), 2 survivors (16384K)
 Metaspace       used 7695K, committed 7936K, reserved 1114112K
  class space    used 456K, committed 576K, reserved 1048576K
}
Event: 4.343 GC heap before
{Heap before GC invocations=6 (full 0):
 garbage-first heap   total 2433024K, used 236879K [0x0000000403800000, 0x0000000800000000)
  region size 8192K, 14 young (114688K), 2 survivors (16384K)
 Metaspace       used 8045K, committed 8256K, reserved 1114112K
  class space    used 467K, committed 576K, reserved 1048576K
}
Event: 4.357 GC heap after
{Heap after GC invocations=7 (full 0):
 garbage-first heap   total 2433024K, used 163124K [0x0000000403800000, 0x0000000800000000)
  region size 8192K, 2 young (16384K), 2 survivors (16384K)
 Metaspace       used 8045K, committed 8256K, reserved 1114112K
  class space    used 467K, committed 576K, reserved 1048576K
}
Event: 8.866 GC heap before
{Heap before GC invocations=7 (full 0):
 garbage-first heap   total 2433024K, used 310580K [0x0000000403800000, 0x0000000800000000)
  region size 8192K, 20 young (163840K), 2 survivors (16384K)
 Metaspace       used 8077K, committed 8320K, reserved 1114112K
  class space    used 467K, committed 576K, reserved 1048576K
}
Event: 8.883 GC heap after
{Heap after GC invocations=8 (full 0):
 garbage-first heap   total 2433024K, used 204249K [0x0000000403800000, 0x0000000800000000)
  region size 8192K, 3 young (24576K), 3 survivors (24576K)
 Metaspace       used 8077K, committed 8320K, reserved 1114112K
  class space    used 467K, committed 576K, reserved 1048576K
}

