# JRE version: Java(TM) SE Runtime Environment (21.0.1+12) (build 21.0.1+12-LTS-29)
# Java VM: Java HotSpot(TM) 64-Bit Server VM (21.0.1+12-LTS-29, mixed mode, sharing, tiered, compressed oops, compressed class ptrs, g1 gc, windows-amd64)
GC Precious Log:
 CardTable entry size: 512
 Card Set container configuration: InlinePtr #cards 4 size 8 Array Of Cards #cards 64 size 144 Howl #buckets 8 coarsen threshold 14745 Howl Bitmap #cards 2048 size 272 coarsen threshold 1843 Card regions per heap region 1 cards per card region 16384
 CPUs: 32 total, 32 available
 Memory: 65296M
 Large Page Support: Disabled
 NUMA Support: Disabled
 Compressed Oops: Enabled (Zero based)
 Heap Region Size: 8M
 Heap Min Capacity: 8M
 Heap Initial Capacity: 1G
 Heap Max Capacity: 16328M
 Pre-touch: Disabled
 Parallel Workers: 23
 Concurrent Workers: 6
 Concurrent Refinement Workers: 23
 Periodic GC: Disabled
Heap:
 garbage-first heap   total 2523136K, used 753993K [0x0000000403800000, 0x0000000800000000)
  region size 8192K, 74 young (606208K), 4 survivors (32768K)
 Metaspace       used 8094K, committed 8320K, reserved 1114112K
  class space    used 468K, committed 576K, reserved 1048576K
GC Heap History (16 events):
Event: 0.684 GC heap before
{Heap before GC invocations=0 (full 0):
 garbage-first heap   total 1048576K, used 49152K [0x0000000403800000, 0x0000000800000000)
  region size 8192K, 6 young (49152K), 0 survivors (0K)
 Metaspace       used 7520K, committed 7808K, reserved 1114112K
  class space    used 456K, committed 576K, reserved 1048576K
}
Event: 0.690 GC heap after
{Heap after GC invocations=1 (full 0):
 garbage-first heap   total 1048576K, used 14984K [0x0000000403800000, 0x0000000800000000)
  region size 8192K, 1 young (8192K), 1 survivors (8192K)
 Metaspace       used 7520K, committed 7808K, reserved 1114112K
  class space    used 456K, committed 576K, reserved 1048576K
}
Event: 0.712 GC heap before
{Heap before GC invocations=1 (full 0):
 garbage-first heap   total 1048576K, used 55944K [0x0000000403800000, 0x0000000800000000)
  region size 8192K, 6 young (49152K), 1 survivors (8192K)
 Metaspace       used 7554K, committed 7808K, reserved 1114112K
  class space    used 456K, committed 576K, reserved 1048576K
}
Event: 0.717 GC heap after
{Heap after GC invocations=2 (full 0):
 garbage-first heap   total 1048576K, used 34686K [0x0000000403800000, 0x0000000800000000)
  region size 8192K, 1 young (8192K), 1 survivors (8192K)
 Metaspace       used 7554K, committed 7808K, reserved 1114112K
  class space    used 456K, committed 576K, reserved 1048576K
}
Event: 0.736 GC heap before
{Heap before GC invocations=2 (full 0):
 garbage-first heap   total 1048576K, used 75646K [0x0000000403800000, 0x0000000800000000)
  region size 8192K, 6 young (49152K), 1 survivors (8192K)
 Metaspace       used 7595K, committed 7872K, reserved 1114112K
  class space    used 456K, committed 576K, reserved 1048576K
}
Event: 0.741 GC heap after
{Heap after GC invocations=3 (full 0):
 garbage-first heap   total 1048576K, used 54337K [0x0000000403800000, 0x0000000800000000)
  region size 8192K, 1 young (8192K), 1 survivors (8192K)
 Metaspace       used 7595K, committed 7872K, reserved 1114112K
  class space    used 456K, committed 576K, reserved 1048576K
}
Event: 0.762 GC heap before
{Heap before GC invocations=3 (full 0):
 garbage-first heap   total 1048576K, used 95297K [0x0000000403800000, 0x0000000800000000)
  region size 8192K, 6 young (49152K), 1 survivors (8192K)
 Metaspace       used 7618K, committed 7872K, reserved 1114112K
  class space    used 456K, committed 576K, reserved 1048576K
}
Event: 0.767 GC heap after
{Heap after GC invocations=4 (full 0):
 garbage-first heap   total 1048576K, used 74328K [0x0000000403800000, 0x0000000800000000)
  region size 8192K, 1 young (8192K), 1 survivors (8192K)
 Metaspace       used 7618K, committed 7872K, reserved 1114112K
  class space    used 456K, committed 576K, reserved 1048576K
}
Event: 0.800 GC heap before
{Heap before GC invocations=4 (full 0):
 garbage-first heap   total 1048576K, used 139864K [0x0000000403800000, 0x0000000800000000)
  region size 8192K, 9 young (73728K), 1 survivors (8192K)
 Metaspace       used 7657K, committed 7936K, reserved 1114112K
  class space    used 456K, committed 576K, reserved 1048576K
}
Event: 0.808 GC heap after
{Heap after GC invocations=5 (full 0):
 garbage-first heap   total 1048576K, used 106808K [0x0000000403800000, 0x0000000800000000)
  region size 8192K, 2 young (16384K), 2 survivors (16384K)
 Metaspace       used 7657K, committed 7936K, reserved 1114112K
  class space    used 456K, committed 576K, reserved 1048576K
}
Event: 0.836 GC heap before
{Heap before GC invocations=5 (full 0):
 garbage-first heap   total 1048576K, used 172344K [0x0000000403800000, 0x0000000800000000)
  region size 8192K, 10 young (81920K), 2 survivors (16384K)
 Metaspace       used 7679K, committed 7936K, reserved 1114112K
  class space    used 456K, committed 576K, reserved 1048576K
}
Event: 0.845 GC heap after
{Heap after GC invocations=6 (full 0):
 garbage-first heap   total 2523136K, used 138425K [0x0000000403800000, 0x0000000800000000)
  region size 8192K, 2 young (16384K), 2 survivors (16384K)
 Metaspace       used 7679K, committed 7936K, reserved 1114112K
  class space    used 456K, committed 576K, reserved 1048576K
}
Event: 9.161 GC heap before
{Heap before GC invocations=6 (full 0):
 garbage-first heap   total 2523136K, used 244921K [0x0000000403800000, 0x0000000800000000)
  region size 8192K, 15 young (122880K), 2 survivors (16384K)
 Metaspace       used 8039K, committed 8256K, reserved 1114112K
  class space    used 468K, committed 576K, reserved 1048576K
}
Event: 9.167 GC heap after
{Heap after GC invocations=7 (full 0):
 garbage-first heap   total 2523136K, used 153983K [0x0000000403800000, 0x0000000800000000)
  region size 8192K, 2 young (16384K), 2 survivors (16384K)
 Metaspace       used 8039K, committed 8256K, reserved 1114112K
  class space    used 468K, committed 576K, reserved 1048576K
}
Event: 19.785 GC heap before
{Heap before GC invocations=7 (full 0):
 garbage-first heap   total 2523136K, used 342399K [0x0000000403800000, 0x0000000800000000)
  region size 8192K, 25 young (204800K), 2 survivors (16384K)
 Metaspace       used 8044K, committed 8256K, reserved 1114112K
  class space    used 468K, committed 576K, reserved 1048576K
}
Event: 19.799 GC heap after
{Heap after GC invocations=8 (full 0):
 garbage-first heap   total 2523136K, used 188745K [0x0000000403800000, 0x0000000800000000)
  region size 8192K, 4 young (32768K), 4 survivors (32768K)
 Metaspace       used 8044K, committed 8256K, reserved 1114112K
  class space    used 468K, committed 576K, reserved 1048576K
}

