# JRE version: Java(TM) SE Runtime Environment (21.0.1+12) (build 21.0.1+12-LTS-29)
# Java VM: Java HotSpot(TM) 64-Bit Server VM (21.0.1+12-LTS-29, mixed mode, sharing, tiered, compressed oops, compressed class ptrs, g1 gc, windows-amd64)
GC Precious Log:
 CardTable entry size: 512
 Card Set container configuration: InlinePtr #cards 4 size 8 Array Of Cards #cards 64 size 144 Howl #buckets 8 coarsen threshold 14745 Howl Bitmap #cards 2048 size 272 coarsen threshold 1843 Card regions per heap region 1 cards per card region 16384
 CPUs: 32 total, 32 available
 Memory: 65296M
 Large Page Support: Disabled
 NUMA Support: Disabled
 Compressed Oops: Enabled (Zero based)
 Heap Region Size: 8M
 Heap Min Capacity: 8M
 Heap Initial Capacity: 1G
 Heap Max Capacity: 16328M
 Pre-touch: Disabled
 Parallel Workers: 23
 Concurrent Workers: 6
 Concurrent Refinement Workers: 23
 Periodic GC: Disabled
Heap:
 garbage-first heap   total 2514944K, used 376832K [0x0000000403800000, 0x0000000800000000)
  region size 8192K, 24 young (196608K), 3 survivors (24576K)
 Metaspace       used 8056K, committed 8320K, reserved 1114112K
  class space    used 467K, committed 576K, reserved 1048576K
GC Heap History (16 events):
Event: 0.661 GC heap before
{Heap before GC invocations=0 (full 0):
 garbage-first heap   total 1048576K, used 49152K [0x0000000403800000, 0x0000000800000000)
  region size 8192K, 6 young (49152K), 0 survivors (0K)
 Metaspace       used 7495K, committed 7744K, reserved 1114112K
  class space    used 456K, committed 576K, reserved 1048576K
}
Event: 0.667 GC heap after
{Heap after GC invocations=1 (full 0):
 garbage-first heap   total 1048576K, used 14814K [0x0000000403800000, 0x0000000800000000)
  region size 8192K, 1 young (8192K), 1 survivors (8192K)
 Metaspace       used 7495K, committed 7744K, reserved 1114112K
  class space    used 456K, committed 576K, reserved 1048576K
}
Event: 0.692 GC heap before
{Heap before GC invocations=1 (full 0):
 garbage-first heap   total 1048576K, used 55774K [0x0000000403800000, 0x0000000800000000)
  region size 8192K, 6 young (49152K), 1 survivors (8192K)
 Metaspace       used 7537K, committed 7744K, reserved 1114112K
  class space    used 456K, committed 576K, reserved 1048576K
}
Event: 0.697 GC heap after
{Heap after GC invocations=2 (full 0):
 garbage-first heap   total 1048576K, used 34033K [0x0000000403800000, 0x0000000800000000)
  region size 8192K, 1 young (8192K), 1 survivors (8192K)
 Metaspace       used 7537K, committed 7744K, reserved 1114112K
  class space    used 456K, committed 576K, reserved 1048576K
}
Event: 0.718 GC heap before
{Heap before GC invocations=2 (full 0):
 garbage-first heap   total 1048576K, used 74993K [0x0000000403800000, 0x0000000800000000)
  region size 8192K, 6 young (49152K), 1 survivors (8192K)
 Metaspace       used 7575K, committed 7872K, reserved 1114112K
  class space    used 456K, committed 576K, reserved 1048576K
}
Event: 0.723 GC heap after
{Heap after GC invocations=3 (full 0):
 garbage-first heap   total 1048576K, used 53933K [0x0000000403800000, 0x0000000800000000)
  region size 8192K, 1 young (8192K), 1 survivors (8192K)
 Metaspace       used 7575K, committed 7872K, reserved 1114112K
  class space    used 456K, committed 576K, reserved 1048576K
}
Event: 0.743 GC heap before
{Heap before GC invocations=3 (full 0):
 garbage-first heap   total 1048576K, used 94893K [0x0000000403800000, 0x0000000800000000)
  region size 8192K, 6 young (49152K), 1 survivors (8192K)
 Metaspace       used 7614K, committed 7872K, reserved 1114112K
  class space    used 456K, committed 576K, reserved 1048576K
}
Event: 0.749 GC heap after
{Heap after GC invocations=4 (full 0):
 garbage-first heap   total 1048576K, used 73728K [0x0000000403800000, 0x0000000800000000)
  region size 8192K, 1 young (8192K), 1 survivors (8192K)
 Metaspace       used 7614K, committed 7872K, reserved 1114112K
  class space    used 456K, committed 576K, reserved 1048576K
}
Event: 0.782 GC heap before
{Heap before GC invocations=4 (full 0):
 garbage-first heap   total 1048576K, used 139264K [0x0000000403800000, 0x0000000800000000)
  region size 8192K, 9 young (73728K), 1 survivors (8192K)
 Metaspace       used 7642K, committed 7936K, reserved 1114112K
  class space    used 456K, committed 576K, reserved 1048576K
}
Event: 0.789 GC heap after
{Heap after GC invocations=5 (full 0):
 garbage-first heap   total 1048576K, used 105317K [0x0000000403800000, 0x0000000800000000)
  region size 8192K, 2 young (16384K), 2 survivors (16384K)
 Metaspace       used 7642K, committed 7936K, reserved 1114112K
  class space    used 456K, committed 576K, reserved 1048576K
}
Event: 0.816 GC heap before
{Heap before GC invocations=5 (full 0):
 garbage-first heap   total 1048576K, used 170853K [0x0000000403800000, 0x0000000800000000)
  region size 8192K, 10 young (81920K), 2 survivors (16384K)
 Metaspace       used 7664K, committed 7936K, reserved 1114112K
  class space    used 456K, committed 576K, reserved 1048576K
}
Event: 0.826 GC heap after
{Heap after GC invocations=6 (full 0):
 garbage-first heap   total 2514944K, used 136786K [0x0000000403800000, 0x0000000800000000)
  region size 8192K, 2 young (16384K), 2 survivors (16384K)
 Metaspace       used 7664K, committed 7936K, reserved 1114112K
  class space    used 456K, committed 576K, reserved 1048576K
}
Event: 6.433 GC heap before
{Heap before GC invocations=6 (full 0):
 garbage-first heap   total 2514944K, used 243282K [0x0000000403800000, 0x0000000800000000)
  region size 8192K, 15 young (122880K), 2 survivors (16384K)
 Metaspace       used 8020K, committed 8256K, reserved 1114112K
  class space    used 467K, committed 576K, reserved 1048576K
}
Event: 6.443 GC heap after
{Heap after GC invocations=7 (full 0):
 garbage-first heap   total 2514944K, used 158008K [0x0000000403800000, 0x0000000800000000)
  region size 8192K, 2 young (16384K), 2 survivors (16384K)
 Metaspace       used 8020K, committed 8256K, reserved 1114112K
  class space    used 467K, committed 576K, reserved 1048576K
}
Event: 12.590 GC heap before
{Heap before GC invocations=7 (full 0):
 garbage-first heap   total 2514944K, used 338232K [0x0000000403800000, 0x0000000800000000)
  region size 8192K, 24 young (196608K), 2 survivors (16384K)
 Metaspace       used 8055K, committed 8320K, reserved 1114112K
  class space    used 467K, committed 576K, reserved 1048576K
}
Event: 12.608 GC heap after
{Heap after GC invocations=8 (full 0):
 garbage-first heap   total 2514944K, used 212992K [0x0000000403800000, 0x0000000800000000)
  region size 8192K, 3 young (24576K), 3 survivors (24576K)
 Metaspace       used 8055K, committed 8320K, reserved 1114112K
  class space    used 467K, committed 576K, reserved 1048576K
}

